Running: C:\Xilinx\14.7\ISE_DS\ISE\bin\nt\unwrapped\fuse.exe -intstyle ise -incremental -lib unisims_ver -lib unimacro_ver -lib xilinxcorelib_ver -lib secureip -o C:/CSM152A/Pac_Man/score_to_digits_tb_isim_beh.exe -prj C:/CSM152A/Pac_Man/score_to_digits_tb_beh.prj work.score_to_digits_tb work.glbl 
ISim P.20131013 (signature 0x8ef4fb42)
Number of CPUs detected in this system: 4
Turning on mult-threading, number of parallel sub-compilation jobs: 8 
Determining compilation order of HDL files
Analyzing Verilog file "C:/CSM152A/Pac_Man/score_to_digits.v" into library work
Analyzing Verilog file "C:/CSM152A/Pac_Man/score_to_digits_tb.v" into library work
Analyzing Verilog file "C:/Xilinx/14.7/ISE_DS/ISE//verilog/src/glbl.v" into library work
Starting static elaboration
Completed static elaboration
Fuse Memory Usage: 159488 KB
Fuse CPU Usage: 233 ms
Compiling module score_to_digits
Compiling module score_to_digits_tb
Compiling module glbl
Time Resolution for simulation is 1ps.
Waiting for 1 sub-compilation(s) to finish...
Compiled 3 Verilog Units
Built simulation executable C:/CSM152A/Pac_Man/score_to_digits_tb_isim_beh.exe
Fuse Memory Usage: 163936 KB
Fuse CPU Usage: 280 ms
